This file contains any messages produced by compilers while
running configure, to aid debugging if configure makes a mistake.

It was created by bash configure 5.2-release, which was
generated by GNU Autoconf 2.71.  Invocation command line was

  $ ./configure CC=gcc 'CFLAGS=-Os -ffunction-sections -fdata-sections -static -march=armv8-a' 'LDFLAGS=-static -s -Wl,--gc-sections' --enable-static-link --without-bash-malloc --disable-nls --disable-net-redirections

## --------- ##
## Platform. ##
## --------- ##

hostname = MacBook-Pro-3.local
uname -m = arm64
uname -r = 25.1.0
uname -s = Darwin
uname -v = Darwin Kernel Version 25.1.0: Mon Oct 20 19:34:03 PDT 2025; root:xnu-12377.41.6~2/RELEASE_ARM64_T8142

/usr/bin/uname -p = arm
/bin/uname -X     = unknown

/bin/arch              = unknown
/usr/bin/arch -k       = unknown
/usr/convex/getsysinfo = unknown
/usr/bin/hostinfo      = Mach kernel version:
	 Darwin Kernel Version 25.1.0: Mon Oct 20 19:34:03 PDT 2025; root:xnu-12377.41.6~2/RELEASE_ARM64_T8142
Kernel configured for up to 10 processors.
10 processors are physically available.
10 processors are logically available.
Processor type: arm64e (ARM64E)
Processors active: 0 1 2 3 4 5 6 7 8 9
Primary memory available: 16.00 gigabytes
Default processor set: 509 tasks, 4074 threads, 10 processors
Load average: 11.01, Mach factor: 2.25
/bin/machine           = unknown
/usr/bin/oslevel       = unknown
/bin/universe          = unknown

PATH: /opt/homebrew/bin/
PATH: /opt/homebrew/opt/openjdk@17/bin/
PATH: /Users/dsaved/.composer/vendor/bin/
PATH: /Applications/MAMP/bin/php/php8.3.14/bin/
PATH: /Users/dsaved/.pyenv/bin/
PATH: /opt/homebrew/Cellar/openjdk@17/17.0.13/libexec/openjdk.jdk/Contents/Home/bin/
PATH: /Users/dsaved/Documents/flutter/bin/
PATH: /opt/homebrew/opt/ruby/bin/
PATH: ./
PATH: /usr/local/bin/
PATH: /Library/Frameworks/Python.framework/Versions/3.13/bin/
PATH: /Users/dsaved/.nvm/versions/node/v20.19.0/bin/
PATH: /opt/homebrew/bin/
PATH: /opt/homebrew/sbin/
PATH: /usr/local/bin/
PATH: /System/Cryptexes/App/usr/bin/
PATH: /usr/bin/
PATH: /bin/
PATH: /usr/sbin/
PATH: /sbin/
PATH: /var/run/com.apple.security.cryptexd/codex.system/bootstrap/usr/local/bin/
PATH: /var/run/com.apple.security.cryptexd/codex.system/bootstrap/usr/bin/
PATH: /var/run/com.apple.security.cryptexd/codex.system/bootstrap/usr/appleinternal/bin/
PATH: /opt/pmk/env/global/bin/
PATH: /Library/Apple/usr/bin/
PATH: /usr/local/go/bin/
PATH: /opt/homebrew/opt/openjdk@17/bin/
PATH: /Users/dsaved/.composer/vendor/bin/
PATH: /Applications/MAMP/bin/php/php8.3.14/bin/
PATH: /Users/dsaved/.pyenv/bin/
PATH: /opt/homebrew/Cellar/openjdk@17/17.0.13/libexec/openjdk.jdk/Contents/Home/bin/
PATH: /Users/dsaved/Documents/flutter/bin/
PATH: /opt/homebrew/opt/ruby/bin/
PATH: ./
PATH: /Library/Frameworks/Python.framework/Versions/3.13/bin/
PATH: /Users/dsaved/.nvm/versions/node/v20.19.0/bin/
PATH: /Users/dsaved/.pub-cache/bin/
PATH: /Users/dsaved/.pub-cache/bin/


## ----------- ##
## Core tests. ##
## ----------- ##

configure:3017: looking for aux files: config.rpath install-sh config.guess config.sub
configure:3030:  trying ././support/
configure:3059:   ././support/config.rpath found
configure:3044:   ././support/install.sh found
configure:3059:   ././support/config.guess found
configure:3059:   ././support/config.sub found
configure:3193: checking build system type
configure:3208: result: aarch64-apple-darwin25.1.0
configure:3228: checking host system type
configure:3242: result: aarch64-apple-darwin25.1.0
configure:3958: checking for gcc
configure:3990: result: gcc
configure:4343: checking for C compiler version
configure:4352: gcc --version >&5
Apple clang version 17.0.0 (clang-1700.4.4.1)
Target: arm64-apple-darwin25.1.0
Thread model: posix
InstalledDir: /Applications/Xcode.app/Contents/Developer/Toolchains/XcodeDefault.xctoolchain/usr/bin
configure:4363: $? = 0
configure:4352: gcc -v >&5
Apple clang version 17.0.0 (clang-1700.4.4.1)
Target: arm64-apple-darwin25.1.0
Thread model: posix
InstalledDir: /Applications/Xcode.app/Contents/Developer/Toolchains/XcodeDefault.xctoolchain/usr/bin
configure:4363: $? = 0
configure:4352: gcc -V >&5
clang: error: argument to '-V' is missing (expected 1 value)
clang: error: no input files
configure:4363: $? = 1
configure:4352: gcc -qversion >&5
clang: error: unknown argument '-qversion'; did you mean '--version'?
clang: error: no input files
configure:4363: $? = 1
configure:4352: gcc -version >&5
clang: error: unknown argument '-version'; did you mean '--version'?
clang: error: no input files
configure:4363: $? = 1
configure:4383: checking whether the C compiler works
configure:4405: gcc -Os -ffunction-sections -fdata-sections -static -march=armv8-a  -static -s -Wl,--gc-sections conftest.c  >&5
ld: warning: -s is obsolete
ld: unknown options: --gc-sections 
clang: error: linker command failed with exit code 1 (use -v to see invocation)
configure:4409: $? = 1
configure:4449: result: no
configure: failed program was:
| /* confdefs.h */
| #define PACKAGE_NAME "bash"
| #define PACKAGE_TARNAME "bash"
| #define PACKAGE_VERSION "5.2-release"
| #define PACKAGE_STRING "bash 5.2-release"
| #define PACKAGE_BUGREPORT "bug-bash@gnu.org"
| #define PACKAGE_URL ""
| #define ALIAS 1
| #define PUSHD_AND_POPD 1
| #define RESTRICTED_SHELL 1
| #define PROCESS_SUBSTITUTION 1
| #define PROMPT_STRING_DECODE 1
| #define SELECT_COMMAND 1
| #define HELP_BUILTIN 1
| #define ARRAY_VARS 1
| #define DPAREN_ARITHMETIC 1
| #define BRACE_EXPANSION 1
| #define COMMAND_TIMING 1
| #define EXTENDED_GLOB 1
| #define EXTGLOB_DEFAULT 0
| #define COND_COMMAND 1
| #define COND_REGEXP 1
| #define COPROCESS_SUPPORT 1
| #define ARITH_FOR_COMMAND 1
| #define PROGRAMMABLE_COMPLETION 1
| #define DEBUGGER 1
| #define CASEMOD_ATTRS 1
| #define CASEMOD_EXPANSIONS 1
| #define GLOBASCII_DEFAULT 1
| #define FUNCTION_IMPORT 1
| #define TRANSLATABLE_STRINGS 1
| #define MEMSCRAMBLE 1
| /* end confdefs.h.  */
| 
| int
| main (void)
| {
| 
|   ;
|   return 0;
| }
configure:4454: error: in `/Users/dsaved/Documents/Work/Mobile/mvs-code-architecture/build/bash-5.2':
configure:4456: error: C compiler cannot create executables
See `config.log' for more details

## ---------------- ##
## Cache variables. ##
## ---------------- ##

ac_cv_build=aarch64-apple-darwin25.1.0
ac_cv_env_CC_FOR_BUILD_set=
ac_cv_env_CC_FOR_BUILD_value=
ac_cv_env_CC_set=set
ac_cv_env_CC_value=gcc
ac_cv_env_CFLAGS_FOR_BUILD_set=
ac_cv_env_CFLAGS_FOR_BUILD_value=
ac_cv_env_CFLAGS_set=set
ac_cv_env_CFLAGS_value='-Os -ffunction-sections -fdata-sections -static -march=armv8-a'
ac_cv_env_CPPFLAGS_FOR_BUILD_set=
ac_cv_env_CPPFLAGS_FOR_BUILD_value=
ac_cv_env_CPPFLAGS_set=
ac_cv_env_CPPFLAGS_value=
ac_cv_env_CPP_set=
ac_cv_env_CPP_value=
ac_cv_env_DEBUGGER_START_FILE_set=
ac_cv_env_DEBUGGER_START_FILE_value=
ac_cv_env_LDFLAGS_FOR_BUILD_set=
ac_cv_env_LDFLAGS_FOR_BUILD_value=
ac_cv_env_LDFLAGS_set=set
ac_cv_env_LDFLAGS_value='-static -s -Wl,--gc-sections'
ac_cv_env_LIBS_set=
ac_cv_env_LIBS_value=
ac_cv_env_YACC_set=
ac_cv_env_YACC_value=
ac_cv_env_YFLAGS_set=
ac_cv_env_YFLAGS_value=
ac_cv_env_build_alias_set=
ac_cv_env_build_alias_value=
ac_cv_env_host_alias_set=
ac_cv_env_host_alias_value=
ac_cv_env_target_alias_set=
ac_cv_env_target_alias_value=
ac_cv_host=aarch64-apple-darwin25.1.0
ac_cv_prog_ac_ct_CC=gcc

## ----------------- ##
## Output variables. ##
## ----------------- ##

ALLOCA=''
AR=''
ARFLAGS=''
ARRAY_O='array.o'
BASE_CFLAGS_FOR_BUILD=''
BASHVERS='5.2'
BUILD_DIR='/Users/dsaved/Documents/Work/Mobile/mvs-code-architecture/build'
BUILD_INCLUDED_LIBINTL=''
CATOBJEXT=''
CC='gcc'
CC_FOR_BUILD=''
CFLAGS='-Os -ffunction-sections -fdata-sections -static -march=armv8-a'
CFLAGS_FOR_BUILD=''
CFLAG_VISIBILITY=''
CPP=''
CPPFLAGS=''
CPPFLAGS_FOR_BUILD=''
CROSS_COMPILE=''
DATADIRNAME=''
DEBUG=''
DEBUGGER_START_FILE='${datadir}/bashdb/bashdb-main.inc'
DEFS=''
ECHO_C='\c'
ECHO_N=''
ECHO_T=''
EGREP=''
EXEEXT=''
GENCAT=''
GETTEXT_MACRO_VERSION=''
GLIBC21=''
GLIBC2=''
GMSGFMT=''
GMSGFMT_015=''
GNULIB_OVERRIDES_WINT_T=''
GREP=''
HAVE_ASPRINTF=''
HAVE_NAMELESS_LOCALES=''
HAVE_NEWLOCALE=''
HAVE_POSIX_PRINTF=''
HAVE_SNPRINTF=''
HAVE_VISIBILITY=''
HAVE_WPRINTF=''
HELPDIR=''
HELPDIRDEFINE=''
HELPFILES_TARGET=''
HELPINSTALL=''
HELPSTRINGS=''
HISTORY_DEP=''
HISTORY_LIB=''
HIST_LIBDIR=''
INSTALL_DATA=''
INSTALL_PROGRAM=''
INSTALL_SCRIPT=''
INSTOBJEXT=''
INTLBISON=''
INTLLIBS=''
INTLOBJS=''
INTL_DEFAULT_VERBOSITY=''
INTL_DEP=''
INTL_INC=''
INTL_LIBTOOL_SUFFIX_PREFIX=''
INTL_MACOSX_LIBS=''
JOBS_O=''
LDFLAGS='-static -s -Wl,--gc-sections'
LDFLAGS_FOR_BUILD=''
LIBICONV=''
LIBINTL=''
LIBINTL_H=''
LIBMULTITHREAD=''
LIBOBJS=''
LIBPTH=''
LIBPTH_PREFIX=''
LIBS=''
LIBS_FOR_BUILD=''
LIBTHREAD=''
LOCAL_CFLAGS=''
LOCAL_DEFS=''
LOCAL_LDFLAGS=''
LOCAL_LIBS=''
LTLIBICONV=''
LTLIBINTL=''
LTLIBMULTITHREAD=''
LTLIBOBJS=''
LTLIBPTH=''
LTLIBTHREAD=''
MAKE_SHELL=''
MALLOC_DEBUG=''
MALLOC_DEP=''
MALLOC_LDFLAGS=''
MALLOC_LIB=''
MALLOC_LIBRARY=''
MALLOC_SRC=''
MALLOC_TARGET=''
MKDIR_P=''
MSGFMT=''
MSGFMT_015=''
MSGMERGE=''
OBJEXT=''
PACKAGE_BUGREPORT='bug-bash@gnu.org'
PACKAGE_NAME='bash'
PACKAGE_STRING='bash 5.2-release'
PACKAGE_TARNAME='bash'
PACKAGE_URL=''
PACKAGE_VERSION='5.2-release'
PATH_SEPARATOR=':'
POSUB=''
PRI_MACROS_BROKEN=''
PROFILE_FLAGS=''
PTHREAD_H_DEFINES_STRUCT_TIMESPEC=''
RANLIB=''
READLINE_DEP=''
READLINE_LIB=''
RELSTATUS='release'
RL_INCLUDE=''
RL_INCLUDEDIR=''
RL_LIBDIR=''
RL_MAJOR=''
RL_MINOR=''
RL_VERSION=''
SED=''
SET_MAKE=''
SHELL='/bin/sh'
SHOBJ_CC=''
SHOBJ_CFLAGS=''
SHOBJ_LD=''
SHOBJ_LDFLAGS=''
SHOBJ_LIBS=''
SHOBJ_STATUS=''
SHOBJ_XLDFLAGS=''
SIGLIST_O=''
SIGNAMES_H=''
SIGNAMES_O=''
SIZE=''
STATIC_LD=''
STYLE_CFLAGS=''
SYS_TIME_H_DEFINES_STRUCT_TIMESPEC=''
TERMCAP_DEP=''
TERMCAP_LIB=''
TESTSCRIPT='run-all'
TILDE_LIB=''
TIME_H_DEFINES_STRUCT_TIMESPEC=''
USE_INCLUDED_LIBINTL=''
USE_NLS=''
WINDRES=''
WOE32=''
WOE32DLL=''
XGETTEXT=''
XGETTEXT_015=''
XGETTEXT_EXTRA_OPTIONS=''
YACC=''
YFLAGS=''
ac_ct_CC='gcc'
bindir='${exec_prefix}/bin'
build='aarch64-apple-darwin25.1.0'
build_alias=''
build_cpu='aarch64'
build_os='darwin25.1.0'
build_vendor='apple'
datadir='${datarootdir}'
datarootdir='${prefix}/share'
docdir='${datarootdir}/doc/${PACKAGE_TARNAME}'
dvidir='${docdir}'
exec_prefix='NONE'
headersdir=''
host='aarch64-apple-darwin25.1.0'
host_alias=''
host_cpu='aarch64'
host_os='darwin25.1.0'
host_vendor='apple'
htmldir='${docdir}'
incdir=''
includedir='${prefix}/include'
infodir='${datarootdir}/info'
libdir='${exec_prefix}/lib'
libexecdir='${exec_prefix}/libexec'
loadablesdir=''
localedir='${datarootdir}/locale'
localstatedir='${prefix}/var'
mandir='${datarootdir}/man'
oldincludedir='/usr/include'
pdfdir='${docdir}'
prefix='NONE'
program_transform_name='s,x,x,'
psdir='${docdir}'
runstatedir='${localstatedir}/run'
sbindir='${exec_prefix}/sbin'
sharedstatedir='${prefix}/com'
sysconfdir='${prefix}/etc'
target_alias=''

## ----------- ##
## confdefs.h. ##
## ----------- ##

/* confdefs.h */
#define PACKAGE_NAME "bash"
#define PACKAGE_TARNAME "bash"
#define PACKAGE_VERSION "5.2-release"
#define PACKAGE_STRING "bash 5.2-release"
#define PACKAGE_BUGREPORT "bug-bash@gnu.org"
#define PACKAGE_URL ""
#define ALIAS 1
#define PUSHD_AND_POPD 1
#define RESTRICTED_SHELL 1
#define PROCESS_SUBSTITUTION 1
#define PROMPT_STRING_DECODE 1
#define SELECT_COMMAND 1
#define HELP_BUILTIN 1
#define ARRAY_VARS 1
#define DPAREN_ARITHMETIC 1
#define BRACE_EXPANSION 1
#define COMMAND_TIMING 1
#define EXTENDED_GLOB 1
#define EXTGLOB_DEFAULT 0
#define COND_COMMAND 1
#define COND_REGEXP 1
#define COPROCESS_SUPPORT 1
#define ARITH_FOR_COMMAND 1
#define PROGRAMMABLE_COMPLETION 1
#define DEBUGGER 1
#define CASEMOD_ATTRS 1
#define CASEMOD_EXPANSIONS 1
#define GLOBASCII_DEFAULT 1
#define FUNCTION_IMPORT 1
#define TRANSLATABLE_STRINGS 1
#define MEMSCRAMBLE 1

configure: exit 77
